<?xml version="1.0" encoding="UTF-8"?>
<testsuites name="Mocha Tests" time="53.454" tests="1" failures="1">
  <testsuite name="Root Suite" timestamp="2024-07-12T16:06:30" tests="0" file="cypress\e2e\download_Invoice_after_purchase_order.cy.js" time="0.000" failures="0">
  </testsuite>
  <testsuite name="Download Invoice after purchase order" timestamp="2024-07-12T16:06:31" tests="1" time="52.780" failures="1">
    <testcase name="Download Invoice after purchase order should allow downloading invoice after successful purchase" time="0.000" classname="should allow downloading invoice after successful purchase">
      <failure message="Timed out retrying after 4000ms: Expected to find element: `#id_gender1`, but never found it." type="AssertionError"><![CDATA[AssertionError: Timed out retrying after 4000ms: Expected to find element: `#id_gender1`, but never found it.
    at Context.eval (webpack:///./cypress/e2e/download_Invoice_after_purchase_order.cy.js:20:11)]]></failure>
    </testcase>
  </testsuite>
</testsuites>